<?xml version="1.0" encoding="UTF-8"?>
<testng-results skipped="0" failed="0" ignored="0" total="1" passed="1">
  <reporter-output>
  </reporter-output>
  <suite name="Default suite" duration-ms="952" started-at="2018-04-13T12:17:26Z" finished-at="2018-04-13T12:17:27Z">
    <groups>
    </groups>
    <test name="Default test" duration-ms="952" started-at="2018-04-13T12:17:26Z" finished-at="2018-04-13T12:17:27Z">
      <class name="cucumber.runners.TestNGCucumberRunner01">
        <test-method status="PASS" signature="setUpClass()[pri:0, instance:cucumber.runners.TestNGCucumberRunner01@73ad2d6]" name="setUpClass" is-config="true" duration-ms="582" started-at="2018-04-13T12:17:26Z" finished-at="2018-04-13T12:17:27Z">
          <reporter-output>
          </reporter-output>
        </test-method> <!-- setUpClass -->
        <test-method status="PASS" signature="feature(cucumber.api.testng.CucumberFeatureWrapper)[pri:0, instance:cucumber.runners.TestNGCucumberRunner01@73ad2d6]" name="feature" duration-ms="113" started-at="2018-04-13T12:17:27Z" description="facebook login test" data-provider="features" finished-at="2018-04-13T12:17:27Z">
          <params>
            <param index="0">
              <value>
                <![CDATA[Logowanie uzytkownikow]]>
              </value>
            </param>
          </params>
          <reporter-output>
          </reporter-output>
        </test-method> <!-- feature -->
      </class> <!-- cucumber.runners.TestNGCucumberRunner01 -->
    </test> <!-- Default test -->
  </suite> <!-- Default suite -->
</testng-results>
