<?xml version="1.0" encoding="UTF-8"?>
<testng-results skipped="0" failed="0" ignored="0" total="1" passed="1">
  <reporter-output>
  </reporter-output>
  <suite name="Default suite" duration-ms="919" started-at="2018-04-12T13:13:57Z" finished-at="2018-04-12T13:13:58Z">
    <groups>
    </groups>
    <test name="Default test" duration-ms="919" started-at="2018-04-12T13:13:57Z" finished-at="2018-04-12T13:13:58Z">
      <class name="test.WebDriverTest">
        <test-method status="PASS" signature="simpletest()[pri:0, instance:test.WebDriverTest@3315d2d7]" name="simpletest" duration-ms="893" started-at="2018-04-12T13:13:57Z" finished-at="2018-04-12T13:13:58Z">
          <reporter-output>
          </reporter-output>
        </test-method> <!-- simpletest -->
      </class> <!-- test.WebDriverTest -->
    </test> <!-- Default test -->
  </suite> <!-- Default suite -->
</testng-results>
